{
  "RSpec": {
    "coverage": {
      "/home/mikael/dev/share_the_baton/spec/features/user_can_view_available_courses_spec.rb": [
        1,
        null,
        null,
        1,
        2,
        2,
        null,
        1,
        1,
        1,
        1,
        null,
        null,
        null,
        null,
        1,
        1,
        1,
        1,
        1,
        null,
        null,
        null
      ],
      "/home/mikael/dev/share_the_baton/spec/models/checkpoint_spec.rb": [
        1,
        2,
        2,
        null
      ],
      "/home/mikael/dev/share_the_baton/app/models/checkpoint.rb": [
        1,
        1,
        1,
        null
      ],
      "/home/mikael/dev/share_the_baton/spec/models/choice_spec.rb": [
        1,
        2,
        2,
        null,
        null
      ],
      "/home/mikael/dev/share_the_baton/app/models/choice.rb": [
        1,
        1,
        1,
        null
      ],
      "/home/mikael/dev/share_the_baton/spec/models/course_spec.rb": [
        1,
        null,
        2,
        2,
        null,
        null
      ],
      "/home/mikael/dev/share_the_baton/app/models/course.rb": [
        1,
        1,
        1,
        1,
        null,
        null
      ],
      "/home/mikael/dev/share_the_baton/spec/models/enrollment_spec.rb": [
        1,
        null,
        1,
        2,
        2,
        null,
        null
      ],
      "/home/mikael/dev/share_the_baton/app/models/enrollment.rb": [
        1,
        1,
        1,
        null
      ],
      "/home/mikael/dev/share_the_baton/spec/models/user_spec.rb": [
        1,
        null,
        1,
        2,
        2,
        2,
        2,
        2,
        null,
        null
      ],
      "/home/mikael/dev/share_the_baton/app/models/user.rb": [
        1,
        1,
        1,
        1,
        null,
        null,
        1,
        1,
        null,
        null,
        1,
        null,
        null,
        null,
        null,
        1,
        null,
        null,
        null,
        null,
        null,
        1,
        null,
        null,
        1,
        4,
        null,
        null,
        null,
        1,
        20,
        null,
        null,
        1,
        0,
        null,
        0,
        null,
        null,
        null,
        1,
        null,
        null,
        1,
        2,
        null,
        null,
        null,
        1,
        4,
        null,
        null
      ],
      "/home/mikael/dev/share_the_baton/app/controllers/sessions_controller.rb": [
        1,
        1,
        null,
        null,
        1,
        null,
        2,
        null,
        null,
        2,
        2,
        2,
        null,
        0,
        0,
        null,
        null,
        null,
        1,
        0,
        0,
        null,
        null
      ],
      "/home/mikael/dev/share_the_baton/app/controllers/application_controller.rb": [
        1,
        null,
        null,
        1,
        1,
        null
      ],
      "/home/mikael/dev/share_the_baton/app/controllers/users_controller.rb": [
        1,
        1,
        1,
        1,
        null,
        1,
        0,
        null,
        null,
        1,
        0,
        0,
        0,
        0,
        null,
        0,
        null,
        null,
        null,
        1,
        null,
        null,
        1,
        null,
        null,
        1,
        0,
        0,
        null,
        0,
        null,
        null,
        null,
        1,
        0,
        0,
        null,
        null,
        1,
        null,
        1,
        2,
        null,
        null,
        1,
        0,
        null,
        null,
        null,
        null,
        null,
        null,
        null,
        1,
        2,
        0,
        null,
        null,
        null
      ],
      "/home/mikael/dev/share_the_baton/app/controllers/courses_controller.rb": [
        1,
        1,
        1,
        null,
        null,
        1,
        0,
        null,
        null,
        null
      ],
      "/home/mikael/dev/share_the_baton/app/controllers/welcome_controller.rb": [
        1,
        null,
        1,
        null,
        null,
        null
      ]
    },
    "timestamp": 1401370834
  }
}
